<?xml version="1.0" encoding="UTF-8"?>
<!-- Generated by org.testng.reporters.JUnitXMLReporter -->
<testsuite ignored="0" hostname="Anupam-PC" failures="0" tests="12" name="Test" time="343.198" errors="0" timestamp="2023-01-15T20:53:07 IST">
  <testcase classname="trello.TrelloEndToEndTestCases" name="trelloCreateBoardAndListThenMoveFullListToAnotherBoardCheck" time="28.356">
    <skipped/>
  </testcase> <!-- trelloCreateBoardAndListThenMoveFullListToAnotherBoardCheck -->
  <testcase classname="trello.TrelloEndToEndTestCases" name="trelloCreateBoardAndListThenMoveFullListToAnotherBoardCheck" time="25.491">
    <skipped/>
  </testcase> <!-- trelloCreateBoardAndListThenMoveFullListToAnotherBoardCheck -->
  <testcase classname="trello.TrelloEndToEndTestCases" name="trelloCreateBoardAndListThenMoveFullListToAnotherBoardCheck" time="43.605"/>
  <testcase classname="trello.TrelloEndToEndTestCases" name="trelloCreateBoardAndListAndCardGetTheCount" time="31.121"/>
  <testcase classname="trello.TrelloEndToEndTestCases" name="trelloCreatBoardAndCardsAndArrangeInAlphabeticalOrder" time="19.857">
    <skipped/>
  </testcase> <!-- trelloCreatBoardAndCardsAndArrangeInAlphabeticalOrder -->
  <testcase classname="trello.TrelloEndToEndTestCases" name="trelloCreatBoardAndCardsAndArrangeInAlphabeticalOrder" time="32.901"/>
  <testcase classname="trello.TrelloEndToEndTestCases" name="trelloCreateAndDeleteBoard" time="30.031"/>
  <testcase classname="trello.TrelloEndToEndTestCases" name="trelloCreateBoardAndCreateTwoListInCreatedBoard" time="30.197"/>
  <testcase classname="trello.TrelloEndToEndTestCases" name="trelloCreateBoardAndListAndSwapTheListInBoards" time="33.619"/>
  <testcase classname="trello.TrelloEndToEndTestCases" name="trelloHomePageCheck" time="0.023"/>
  <testcase classname="trello.TrelloEndToEndTestCases" name="trelloLoginPageCheck" time="1.034"/>
  <testcase classname="trello.TrelloEndToEndTestCases" name="trelloBoardPageCheck" time="23.628"/>
</testsuite> <!-- Test -->
